/*C10*/SET SCHEMA PUBLIC
DISCONNECT
/*C11*/SET SCHEMA PUBLIC
DISCONNECT
/*C12*/SET SCHEMA PUBLIC
DISCONNECT
/*C13*/SET SCHEMA PUBLIC
INSERT INTO PACIENTE VALUES(23,'dwadaw','231.321.321-33',24,'Masculino','dawdaw','(24) 14214-4242','2019-02-02 04:04:04.000000',100,'b')
COMMIT
DISCONNECT
/*C14*/SET SCHEMA PUBLIC
DISCONNECT
/*C15*/SET SCHEMA PUBLIC
DISCONNECT
/*C16*/SET SCHEMA PUBLIC
DELETE FROM PACIENTE WHERE COD_PACIENTE=23
INSERT INTO PACIENTE VALUES(23,'dwadaw','231.321.321-33',24,'Masculino','dawdaw','(24) 14214-4242','2019-02-02 04:04:04.000000',200,'m')
COMMIT
DISCONNECT
/*C17*/SET SCHEMA PUBLIC
DISCONNECT
